<?xml version="1.0" encoding="UTF-8"?>
<testng-results ignored="0" total="2" passed="2" failed="0" skipped="0">
  <reporter-output>
  </reporter-output>
  <suite started-at="2022-12-07T13:23:10 CET" name="Default suite" finished-at="2022-12-07T13:23:17 CET" duration-ms="6619">
    <groups>
    </groups>
    <test started-at="2022-12-07T13:23:10 CET" name="Default test" finished-at="2022-12-07T13:23:17 CET" duration-ms="6619">
      <class name="Academy.RestAPI3011.DynamicJson36">
        <test-method signature="AddBook(java.lang.String,java.lang.String)[pri:0, instance:Academy.RestAPI3011.DynamicJson36@6fd83fc1]" started-at="2022-12-07T13:23:10 CET" name="AddBook" data-provider="getData" finished-at="2022-12-07T13:23:16 CET" duration-ms="5294" status="PASS">
          <params>
            <param index="0">
              <value>
                <![CDATA[def]]>
              </value>
            </param>
            <param index="1">
              <value>
                <![CDATA[1234]]>
              </value>
            </param>
          </params>
          <reporter-output>
          </reporter-output>
        </test-method> <!-- AddBook -->
        <test-method signature="AddBook(java.lang.String,java.lang.String)[pri:0, instance:Academy.RestAPI3011.DynamicJson36@6fd83fc1]" started-at="2022-12-07T13:23:16 CET" name="AddBook" data-provider="getData" finished-at="2022-12-07T13:23:17 CET" duration-ms="1142" status="PASS">
          <params>
            <param index="0">
              <value>
                <![CDATA[ghi]]>
              </value>
            </param>
            <param index="1">
              <value>
                <![CDATA[4567]]>
              </value>
            </param>
          </params>
          <reporter-output>
          </reporter-output>
        </test-method> <!-- AddBook -->
      </class> <!-- Academy.RestAPI3011.DynamicJson36 -->
    </test> <!-- Default test -->
  </suite> <!-- Default suite -->
</testng-results>
